2015-01-14 23:42:11 - DEBUG --> got some session_data a:6:{s:50:"hauth_session.linkedin.token.access_token_linkedin";s:229:"a:4:{s:11:"oauth_token";s:36:"1ba34e22-2b9f-4912-81bb-bf1dd68f6f44";s:18:"oauth_token_secret";s:36:"5ec0c650-b23d-4e67-b608-ba247982b91f";s:16:"oauth_expires_in";s:7:"5183998";s:30:"oauth_authorization_expires_in";s:7:"5183998";}";s:41:"hauth_session.linkedin.token.access_token";s:44:"s:36:"1ba34e22-2b9f-4912-81bb-bf1dd68f6f44";";s:48:"hauth_session.linkedin.token.access_token_secret";s:44:"s:36:"5ec0c650-b23d-4e67-b608-ba247982b91f";";s:35:"hauth_session.linkedin.is_logged_in";s:4:"i:1;";s:35:"hauth_session.facebook.is_logged_in";s:4:"i:1;";s:41:"hauth_session.facebook.token.access_token";s:206:"s:197:"CAAV2C58ehnUBAFlOZCBYZB1gQZAJJBLvxCKsNgjg6vhflz9IG1uPimHwVFUyZA3qxYydqtJP7QYV6sh5YxYsI02tfiqCv5UYnOyCOkNdgfhqJug4K2ZB5c6ZB52bMVwQMxUhQEymdnzLyzxKuLEwcZBsNdwkpk2SC6S07Nn7T7JsqCDXT3Up781hAKuQKwOz50ZD";";} 
2015-01-14 23:42:11 - DEBUG --> http://localhost/dash/20416 
2015-01-14 23:42:11 - DEBUG --> checking auth, user level :1 >=8 && post_author:2578 ==  user_id:2578 
2015-01-14 23:42:21 - DEBUG --> checking auth, user level :1 >=8 && post_author:2578 ==  user_id:2578 
2015-01-14 23:53:13 - DEBUG --> got some session_data a:6:{s:50:"hauth_session.linkedin.token.access_token_linkedin";s:229:"a:4:{s:11:"oauth_token";s:36:"1ba34e22-2b9f-4912-81bb-bf1dd68f6f44";s:18:"oauth_token_secret";s:36:"5ec0c650-b23d-4e67-b608-ba247982b91f";s:16:"oauth_expires_in";s:7:"5183998";s:30:"oauth_authorization_expires_in";s:7:"5183998";}";s:41:"hauth_session.linkedin.token.access_token";s:44:"s:36:"1ba34e22-2b9f-4912-81bb-bf1dd68f6f44";";s:48:"hauth_session.linkedin.token.access_token_secret";s:44:"s:36:"5ec0c650-b23d-4e67-b608-ba247982b91f";";s:35:"hauth_session.linkedin.is_logged_in";s:4:"i:1;";s:35:"hauth_session.facebook.is_logged_in";s:4:"i:1;";s:41:"hauth_session.facebook.token.access_token";s:206:"s:197:"CAAV2C58ehnUBAFlOZCBYZB1gQZAJJBLvxCKsNgjg6vhflz9IG1uPimHwVFUyZA3qxYydqtJP7QYV6sh5YxYsI02tfiqCv5UYnOyCOkNdgfhqJug4K2ZB5c6ZB52bMVwQMxUhQEymdnzLyzxKuLEwcZBsNdwkpk2SC6S07Nn7T7JsqCDXT3Up781hAKuQKwOz50ZD";";} 
2015-01-14 23:53:13 - DEBUG --> http://localhost/dash/20416 
2015-01-14 23:53:13 - DEBUG --> checking auth, user level :1 >=8 && post_author:2578 ==  user_id:2578 
2015-01-14 23:53:18 - DEBUG --> checking auth, user level :1 >=8 && post_author:2578 ==  user_id:2578 
2015-01-14 23:57:24 - DEBUG --> got some session_data a:6:{s:50:"hauth_session.linkedin.token.access_token_linkedin";s:229:"a:4:{s:11:"oauth_token";s:36:"1ba34e22-2b9f-4912-81bb-bf1dd68f6f44";s:18:"oauth_token_secret";s:36:"5ec0c650-b23d-4e67-b608-ba247982b91f";s:16:"oauth_expires_in";s:7:"5183998";s:30:"oauth_authorization_expires_in";s:7:"5183998";}";s:41:"hauth_session.linkedin.token.access_token";s:44:"s:36:"1ba34e22-2b9f-4912-81bb-bf1dd68f6f44";";s:48:"hauth_session.linkedin.token.access_token_secret";s:44:"s:36:"5ec0c650-b23d-4e67-b608-ba247982b91f";";s:35:"hauth_session.linkedin.is_logged_in";s:4:"i:1;";s:35:"hauth_session.facebook.is_logged_in";s:4:"i:1;";s:41:"hauth_session.facebook.token.access_token";s:206:"s:197:"CAAV2C58ehnUBAFlOZCBYZB1gQZAJJBLvxCKsNgjg6vhflz9IG1uPimHwVFUyZA3qxYydqtJP7QYV6sh5YxYsI02tfiqCv5UYnOyCOkNdgfhqJug4K2ZB5c6ZB52bMVwQMxUhQEymdnzLyzxKuLEwcZBsNdwkpk2SC6S07Nn7T7JsqCDXT3Up781hAKuQKwOz50ZD";";} 
2015-01-14 23:57:24 - DEBUG --> http://localhost/dash/20416 
2015-01-14 23:57:24 - DEBUG --> checking auth, user level :1 >=8 && post_author:2578 ==  user_id:2578 
2015-01-14 23:57:30 - DEBUG --> checking auth, user level :1 >=8 && post_author:2578 ==  user_id:2578 
2015-01-19 23:49:19 - DEBUG --> got some session_data a:6:{s:50:"hauth_session.linkedin.token.access_token_linkedin";s:229:"a:4:{s:11:"oauth_token";s:36:"1ba34e22-2b9f-4912-81bb-bf1dd68f6f44";s:18:"oauth_token_secret";s:36:"5ec0c650-b23d-4e67-b608-ba247982b91f";s:16:"oauth_expires_in";s:7:"5183998";s:30:"oauth_authorization_expires_in";s:7:"5183998";}";s:41:"hauth_session.linkedin.token.access_token";s:44:"s:36:"1ba34e22-2b9f-4912-81bb-bf1dd68f6f44";";s:48:"hauth_session.linkedin.token.access_token_secret";s:44:"s:36:"5ec0c650-b23d-4e67-b608-ba247982b91f";";s:35:"hauth_session.linkedin.is_logged_in";s:4:"i:1;";s:35:"hauth_session.facebook.is_logged_in";s:4:"i:1;";s:41:"hauth_session.facebook.token.access_token";s:206:"s:197:"CAAV2C58ehnUBAFlOZCBYZB1gQZAJJBLvxCKsNgjg6vhflz9IG1uPimHwVFUyZA3qxYydqtJP7QYV6sh5YxYsI02tfiqCv5UYnOyCOkNdgfhqJug4K2ZB5c6ZB52bMVwQMxUhQEymdnzLyzxKuLEwcZBsNdwkpk2SC6S07Nn7T7JsqCDXT3Up781hAKuQKwOz50ZD";";} 
2015-01-19 23:49:19 - DEBUG --> http://localhost/dash/20416 
2015-01-19 23:49:19 - DEBUG --> checking auth, user level :1 >=8 && post_author:2578 ==  user_id:2578 
2015-01-19 23:49:25 - DEBUG --> checking auth, user level :1 >=8 && post_author:2578 ==  user_id:2578 
2015-01-20 4:29:34 - DEBUG --> got some session_data a:6:{s:50:"hauth_session.linkedin.token.access_token_linkedin";s:229:"a:4:{s:11:"oauth_token";s:36:"1ba34e22-2b9f-4912-81bb-bf1dd68f6f44";s:18:"oauth_token_secret";s:36:"5ec0c650-b23d-4e67-b608-ba247982b91f";s:16:"oauth_expires_in";s:7:"5183998";s:30:"oauth_authorization_expires_in";s:7:"5183998";}";s:41:"hauth_session.linkedin.token.access_token";s:44:"s:36:"1ba34e22-2b9f-4912-81bb-bf1dd68f6f44";";s:48:"hauth_session.linkedin.token.access_token_secret";s:44:"s:36:"5ec0c650-b23d-4e67-b608-ba247982b91f";";s:35:"hauth_session.linkedin.is_logged_in";s:4:"i:1;";s:35:"hauth_session.facebook.is_logged_in";s:4:"i:1;";s:41:"hauth_session.facebook.token.access_token";s:206:"s:197:"CAAV2C58ehnUBAFlOZCBYZB1gQZAJJBLvxCKsNgjg6vhflz9IG1uPimHwVFUyZA3qxYydqtJP7QYV6sh5YxYsI02tfiqCv5UYnOyCOkNdgfhqJug4K2ZB5c6ZB52bMVwQMxUhQEymdnzLyzxKuLEwcZBsNdwkpk2SC6S07Nn7T7JsqCDXT3Up781hAKuQKwOz50ZD";";} 
2015-01-20 4:29:34 - DEBUG --> http://localhost/dash/20416 
2015-01-20 4:29:35 - DEBUG --> checking auth, user level :1 >=8 && post_author:2578 ==  user_id:2578 
2015-01-20 4:29:39 - DEBUG --> checking auth, user level :1 >=8 && post_author:2578 ==  user_id:2578 
2015-01-20 23:50:00 - DEBUG --> got some session_data a:6:{s:50:"hauth_session.linkedin.token.access_token_linkedin";s:229:"a:4:{s:11:"oauth_token";s:36:"1ba34e22-2b9f-4912-81bb-bf1dd68f6f44";s:18:"oauth_token_secret";s:36:"5ec0c650-b23d-4e67-b608-ba247982b91f";s:16:"oauth_expires_in";s:7:"5183998";s:30:"oauth_authorization_expires_in";s:7:"5183998";}";s:41:"hauth_session.linkedin.token.access_token";s:44:"s:36:"1ba34e22-2b9f-4912-81bb-bf1dd68f6f44";";s:48:"hauth_session.linkedin.token.access_token_secret";s:44:"s:36:"5ec0c650-b23d-4e67-b608-ba247982b91f";";s:35:"hauth_session.linkedin.is_logged_in";s:4:"i:1;";s:35:"hauth_session.facebook.is_logged_in";s:4:"i:1;";s:41:"hauth_session.facebook.token.access_token";s:206:"s:197:"CAAV2C58ehnUBAFlOZCBYZB1gQZAJJBLvxCKsNgjg6vhflz9IG1uPimHwVFUyZA3qxYydqtJP7QYV6sh5YxYsI02tfiqCv5UYnOyCOkNdgfhqJug4K2ZB5c6ZB52bMVwQMxUhQEymdnzLyzxKuLEwcZBsNdwkpk2SC6S07Nn7T7JsqCDXT3Up781hAKuQKwOz50ZD";";} 
2015-01-20 23:50:01 - DEBUG --> http://localhost/dash/20416 
2015-01-20 23:50:01 - DEBUG --> checking auth, user level :1 >=8 && post_author:2578 ==  user_id:2578 
2015-01-20 23:50:05 - DEBUG --> checking auth, user level :1 >=8 && post_author:2578 ==  user_id:2578 
2015-01-20 23:56:08 - DEBUG --> http://localhost/dash/ 
2015-01-21 0:15:12 - DEBUG --> got some session_data a:6:{s:50:"hauth_session.linkedin.token.access_token_linkedin";s:229:"a:4:{s:11:"oauth_token";s:36:"1ba34e22-2b9f-4912-81bb-bf1dd68f6f44";s:18:"oauth_token_secret";s:36:"5ec0c650-b23d-4e67-b608-ba247982b91f";s:16:"oauth_expires_in";s:7:"5183998";s:30:"oauth_authorization_expires_in";s:7:"5183998";}";s:41:"hauth_session.linkedin.token.access_token";s:44:"s:36:"1ba34e22-2b9f-4912-81bb-bf1dd68f6f44";";s:48:"hauth_session.linkedin.token.access_token_secret";s:44:"s:36:"5ec0c650-b23d-4e67-b608-ba247982b91f";";s:35:"hauth_session.linkedin.is_logged_in";s:4:"i:1;";s:35:"hauth_session.facebook.is_logged_in";s:4:"i:1;";s:41:"hauth_session.facebook.token.access_token";s:206:"s:197:"CAAV2C58ehnUBAFlOZCBYZB1gQZAJJBLvxCKsNgjg6vhflz9IG1uPimHwVFUyZA3qxYydqtJP7QYV6sh5YxYsI02tfiqCv5UYnOyCOkNdgfhqJug4K2ZB5c6ZB52bMVwQMxUhQEymdnzLyzxKuLEwcZBsNdwkpk2SC6S07Nn7T7JsqCDXT3Up781hAKuQKwOz50ZD";";} 
2015-01-21 0:15:12 - DEBUG --> http://localhost/dash/20416 
2015-01-21 0:15:12 - DEBUG --> checking auth, user level :1 >=8 && post_author:2578 ==  user_id:2578 
2015-01-21 0:15:17 - DEBUG --> checking auth, user level :1 >=8 && post_author:2578 ==  user_id:2578 
2015-01-21 0:31:59 - DEBUG --> got some session_data a:6:{s:50:"hauth_session.linkedin.token.access_token_linkedin";s:229:"a:4:{s:11:"oauth_token";s:36:"1ba34e22-2b9f-4912-81bb-bf1dd68f6f44";s:18:"oauth_token_secret";s:36:"5ec0c650-b23d-4e67-b608-ba247982b91f";s:16:"oauth_expires_in";s:7:"5183998";s:30:"oauth_authorization_expires_in";s:7:"5183998";}";s:41:"hauth_session.linkedin.token.access_token";s:44:"s:36:"1ba34e22-2b9f-4912-81bb-bf1dd68f6f44";";s:48:"hauth_session.linkedin.token.access_token_secret";s:44:"s:36:"5ec0c650-b23d-4e67-b608-ba247982b91f";";s:35:"hauth_session.linkedin.is_logged_in";s:4:"i:1;";s:35:"hauth_session.facebook.is_logged_in";s:4:"i:1;";s:41:"hauth_session.facebook.token.access_token";s:206:"s:197:"CAAV2C58ehnUBAFlOZCBYZB1gQZAJJBLvxCKsNgjg6vhflz9IG1uPimHwVFUyZA3qxYydqtJP7QYV6sh5YxYsI02tfiqCv5UYnOyCOkNdgfhqJug4K2ZB5c6ZB52bMVwQMxUhQEymdnzLyzxKuLEwcZBsNdwkpk2SC6S07Nn7T7JsqCDXT3Up781hAKuQKwOz50ZD";";} 
2015-01-21 0:31:59 - DEBUG --> http://localhost/dash/20416 
2015-01-21 0:31:59 - DEBUG --> checking auth, user level :1 >=8 && post_author:2578 ==  user_id:2578 
2015-01-21 0:32:00 - DEBUG --> checking auth, user level :1 >=8 && post_author:2578 ==  user_id:2578 
2015-01-21 1:29:29 - DEBUG --> connecting biz 20416 with sms 11 
2015-01-21 1:29:29 - DEBUG --> saving some some session_data a:6:{s:50:"hauth_session.linkedin.token.access_token_linkedin";s:229:"a:4:{s:11:"oauth_token";s:36:"1ba34e22-2b9f-4912-81bb-bf1dd68f6f44";s:18:"oauth_token_secret";s:36:"5ec0c650-b23d-4e67-b608-ba247982b91f";s:16:"oauth_expires_in";s:7:"5183998";s:30:"oauth_authorization_expires_in";s:7:"5183998";}";s:41:"hauth_session.linkedin.token.access_token";s:44:"s:36:"1ba34e22-2b9f-4912-81bb-bf1dd68f6f44";";s:48:"hauth_session.linkedin.token.access_token_secret";s:44:"s:36:"5ec0c650-b23d-4e67-b608-ba247982b91f";";s:35:"hauth_session.linkedin.is_logged_in";s:4:"i:1;";s:35:"hauth_session.facebook.is_logged_in";s:4:"i:1;";s:41:"hauth_session.facebook.token.access_token";s:208:"s:199:"CAAV2C58ehnUBAIXujsFa9I6lKVCmRF0Tll5Sh4ItF0OEPza3c5KUyvjoZAUGzqpjueBbfjwZBdDklcmk4Qa2ZBVTZAysLXhAaxfNdcOevwPZBJxpaTAvb1aHgcgzux9KiGNPpoT3BZAXZBIMoQ3gEW7zWtVvZBQxUSXWS7sKwoZCQgP5xxvgDvMgQJtTIukigQAYZD";";} 
2015-01-21 1:29:29 - DEBUG --> http://localhost/dash/20416?connected=Facebook 
2015-01-23 0:02:59 - DEBUG --> got some session_data a:6:{s:50:"hauth_session.linkedin.token.access_token_linkedin";s:229:"a:4:{s:11:"oauth_token";s:36:"1ba34e22-2b9f-4912-81bb-bf1dd68f6f44";s:18:"oauth_token_secret";s:36:"5ec0c650-b23d-4e67-b608-ba247982b91f";s:16:"oauth_expires_in";s:7:"5183998";s:30:"oauth_authorization_expires_in";s:7:"5183998";}";s:41:"hauth_session.linkedin.token.access_token";s:44:"s:36:"1ba34e22-2b9f-4912-81bb-bf1dd68f6f44";";s:48:"hauth_session.linkedin.token.access_token_secret";s:44:"s:36:"5ec0c650-b23d-4e67-b608-ba247982b91f";";s:35:"hauth_session.linkedin.is_logged_in";s:4:"i:1;";s:35:"hauth_session.facebook.is_logged_in";s:4:"i:1;";s:41:"hauth_session.facebook.token.access_token";s:208:"s:199:"CAAV2C58ehnUBAIXujsFa9I6lKVCmRF0Tll5Sh4ItF0OEPza3c5KUyvjoZAUGzqpjueBbfjwZBdDklcmk4Qa2ZBVTZAysLXhAaxfNdcOevwPZBJxpaTAvb1aHgcgzux9KiGNPpoT3BZAXZBIMoQ3gEW7zWtVvZBQxUSXWS7sKwoZCQgP5xxvgDvMgQJtTIukigQAYZD";";} 
2015-01-23 0:02:59 - DEBUG --> http://localhost/dash/20416 
2015-01-23 0:03:00 - DEBUG --> checking auth, user level :1 >=8 && post_author:2578 ==  user_id:2578 
2015-01-23 0:03:09 - DEBUG --> checking auth, user level :1 >=8 && post_author:2578 ==  user_id:2578 
2015-01-23 0:40:44 - DEBUG --> got some session_data a:6:{s:50:"hauth_session.linkedin.token.access_token_linkedin";s:229:"a:4:{s:11:"oauth_token";s:36:"1ba34e22-2b9f-4912-81bb-bf1dd68f6f44";s:18:"oauth_token_secret";s:36:"5ec0c650-b23d-4e67-b608-ba247982b91f";s:16:"oauth_expires_in";s:7:"5183998";s:30:"oauth_authorization_expires_in";s:7:"5183998";}";s:41:"hauth_session.linkedin.token.access_token";s:44:"s:36:"1ba34e22-2b9f-4912-81bb-bf1dd68f6f44";";s:48:"hauth_session.linkedin.token.access_token_secret";s:44:"s:36:"5ec0c650-b23d-4e67-b608-ba247982b91f";";s:35:"hauth_session.linkedin.is_logged_in";s:4:"i:1;";s:35:"hauth_session.facebook.is_logged_in";s:4:"i:1;";s:41:"hauth_session.facebook.token.access_token";s:208:"s:199:"CAAV2C58ehnUBAIXujsFa9I6lKVCmRF0Tll5Sh4ItF0OEPza3c5KUyvjoZAUGzqpjueBbfjwZBdDklcmk4Qa2ZBVTZAysLXhAaxfNdcOevwPZBJxpaTAvb1aHgcgzux9KiGNPpoT3BZAXZBIMoQ3gEW7zWtVvZBQxUSXWS7sKwoZCQgP5xxvgDvMgQJtTIukigQAYZD";";} 
2015-01-23 0:40:44 - DEBUG --> http://localhost/dash/20416 
2015-01-23 0:40:45 - DEBUG --> checking auth, user level :1 >=8 && post_author:2578 ==  user_id:2578 
2015-01-23 0:40:51 - DEBUG --> checking auth, user level :1 >=8 && post_author:2578 ==  user_id:2578 
